Build started 7/19/2024 4:26:41 PM.
     1>Project "D:\test2\ConsoleApplication3.vcxproj" on node 2 (Build target(s)).
     1>ClCompile:
         C:\Program Files (x86)\Microsoft Visual Studio 11.0\VC\bin\CL.exe /c /I"C:\Users\srv_training\Downloads\SFML-2.4.2-windows-vc11-32-bit\SFML-2.4.2\include" /Zi /nologo /W3 /WX- /Od /Oy- /D WIN32 /D _DEBUG /D _CONSOLE /D _UNICODE /D UNICODE /Gm /EHsc /RTC1 /MDd /GS /fp:precise /Zc:wchar_t /Zc:forScope /Fo"Debug\\" /Fd"Debug\vc110.pdb" /Gd /TP /analyze- /errorReport:prompt main.cpp
         main.cpp
     1>main.cpp(44): warning C4244: 'argument' : conversion from 'int' to 'float', possible loss of data
     1>main.cpp(261): warning C4244: 'argument' : conversion from 'float' to 'const unsigned short', possible loss of data
     1>main.cpp(275): warning C4244: 'argument' : conversion from 'float' to 'const unsigned short', possible loss of data
     1>main.cpp(302): warning C4244: 'argument' : conversion from 'int' to 'float', possible loss of data
     1>main.cpp(41): warning C4101: 'event' : unreferenced local variable
       Link:
         C:\Program Files (x86)\Microsoft Visual Studio 11.0\VC\bin\link.exe /ERRORREPORT:PROMPT /OUT:"D:\test2\Debug\ConsoleApplication3.exe" /INCREMENTAL /NOLOGO /LIBPATH:"C:\Users\srv_training\Downloads\SFML-2.4.2-windows-vc11-32-bit\SFML-2.4.2\lib" "sfml-network-d.lib" "sfml-audio-d.lib" "sfml-system-d.lib" "sfml-graphics-d.lib" "sfml-window-d.lib" kernel32.lib user32.lib gdi32.lib winspool.lib comdlg32.lib advapi32.lib shell32.lib ole32.lib oleaut32.lib uuid.lib odbc32.lib odbccp32.lib /MANIFEST /MANIFESTUAC:"level='asInvoker' uiAccess='false'" /manifest:embed /DEBUG /PDB:"D:\test2\Debug\ConsoleApplication3.pdb" /SUBSYSTEM:CONSOLE /TLBID:1 /DYNAMICBASE /NXCOMPAT /IMPLIB:"D:\test2\Debug\ConsoleApplication3.lib" /MACHINE:X86 Debug\boss.obj
         Debug\bullet.obj
         Debug\car.obj
         Debug\carmanager.obj
         Debug\coin.obj
         Debug\drawmap.obj
         Debug\drawtext.obj
         Debug\frog.obj
         Debug\global.obj
         Debug\Log.obj
         Debug\main.obj
         Debug\rivermanager.obj
         Debug\turtle.obj
         Debug\witch.obj
         ConsoleApplication3.vcxproj -> D:\test2\Debug\ConsoleApplication3.exe
     1>Done Building Project "D:\test2\ConsoleApplication3.vcxproj" (Build target(s)).

Build succeeded.

Time Elapsed 00:00:04.55
